<?xml version="1.0" encoding="UTF-8"?>
<!-- Generated by org.testng.reporters.JUnitReportReporter -->
<testsuite hostname="EGCA1-0091" failures="0" tests="1" name="test_cases.TestBase" time="5.175" errors="0" timestamp="2022-09-07T18:57:14 EET" skipped="0">
  <testcase classname="test_cases.TestBase" name="startApplication" time="5.175"/>
  <system-out/>
</testsuite> <!-- test_cases.TestBase -->
